<?xml version="1.0" encoding="UTF-8" ?>
<testsuite failures="0" time="86.122" errors="0" skipped="0" tests="1" name="TestSuite">
  <properties>
    <property name="java.vendor" value="Apple Inc."/>
    <property name="localRepository" value="/Users/theman/.m2/repository"/>
    <property name="sun.java.launcher" value="SUN_STANDARD"/>
    <property name="sun.management.compiler" value="HotSpot 64-Bit Server Compiler"/>
    <property name="env.SECURITYSESSIONID" value="d2d930"/>
    <property name="os.name" value="Mac OS X"/>
    <property name="sun.boot.class.path" value="/System/Library/Frameworks/JavaVM.framework/Versions/1.6.0/Classes/jsfd.jar:/System/Library/Frameworks/JavaVM.framework/Versions/1.6.0/Classes/classes.jar:/System/Library/Frameworks/JavaVM.framework/Frameworks/JavaRuntimeSupport.framework/Resources/Java/JavaRuntimeSupport.jar:/System/Library/Frameworks/JavaVM.framework/Versions/1.6.0/Classes/ui.jar:/System/Library/Frameworks/JavaVM.framework/Versions/1.6.0/Classes/laf.jar:/System/Library/Frameworks/JavaVM.framework/Versions/1.6.0/Classes/sunrsasign.jar:/System/Library/Frameworks/JavaVM.framework/Versions/1.6.0/Classes/jsse.jar:/System/Library/Frameworks/JavaVM.framework/Versions/1.6.0/Classes/jce.jar:/System/Library/Frameworks/JavaVM.framework/Versions/1.6.0/Classes/charsets.jar"/>
    <property name="env.TMPDIR" value="/var/folders/QP/QPMUqJmNED0+Z7wepc87YU++gIU/-Tmp-/"/>
    <property name="env.PWD" value="/Users/theman/Documents/code/yui"/>
    <property name="env.LANG" value="en_US.UTF-8"/>
    <property name="java.vm.specification.vendor" value="Sun Microsystems Inc."/>
    <property name="org.mortbay.http.HttpRequest.maxFormContentSize" value="0"/>
    <property name="java.runtime.version" value="1.6.0_13-b03-211"/>
    <property name="env.Apple_PubSub_Socket_Render" value="/tmp/launch-U7g7p3/Render"/>
    <property name="env.DISPLAY" value="/tmp/launch-kJ1Hfm/:0"/>
    <property name="user.name" value="theman"/>
    <property name="env.USER" value="theman"/>
    <property name="env.SHELL" value="/bin/bash"/>
    <property name="env.__CF_USER_TEXT_ENCODING" value="0xB148:0:0"/>
    <property name="awt.nativeDoubleBuffering" value="true"/>
    <property name="env.PATH" value="/usr/bin:/bin:/usr/sbin:/sbin:/usr/local/bin:/usr/X11/bin:/usr/local/git/bin:/Users/theman/Documents/programs/apache-maven-2.1.x/bin:/System/Library/Frameworks/JavaVM.framework/Versions/1.6/Home/bin:/usr/local/git/bin"/>
    <property name="user.language" value="en"/>
    <property name="sun.boot.library.path" value="/System/Library/Frameworks/JavaVM.framework/Versions/1.6.0/Libraries"/>
    <property name="classworlds.conf" value="/usr/share/maven/bin/m2.conf"/>
    <property name="apple.awt.graphics.UseOpenGL" value="false"/>
    <property name="java.version" value="1.6.0_13"/>
    <property name="user.timezone" value="America/Los_Angeles"/>
    <property name="sun.arch.data.model" value="64"/>
    <property name="java.endorsed.dirs" value="/System/Library/Frameworks/JavaVM.framework/Versions/1.6.0/Home/lib/endorsed"/>
    <property name="sun.cpu.isalist" value=""/>
    <property name="sun.jnu.encoding" value="MacRoman"/>
    <property name="file.encoding.pkg" value="sun.io"/>
    <property name="env.SHLVL" value="1"/>
    <property name="file.separator" value="/"/>
    <property name="java.specification.name" value="Java Platform API Specification"/>
    <property name="java.class.version" value="50.0"/>
    <property name="user.country" value="US"/>
    <property name="java.home" value="/System/Library/Frameworks/JavaVM.framework/Versions/1.6.0/Home"/>
    <property name="java.vm.info" value="mixed mode"/>
    <property name="env.LOGNAME" value="theman"/>
    <property name="apple.lang.DisableCompatibilityClasspath" value="true"/>
    <property name="os.version" value="10.5.7"/>
    <property name="env.TERM_PROGRAM_VERSION" value="240.2"/>
    <property name="path.separator" value=":"/>
    <property name="java.vm.version" value="11.3-b02-83"/>
    <property name="env.JAVA_HOME" value="/System/Library/Frameworks/JavaVM.framework/Versions/1.6/Home"/>
    <property name="java.awt.printerjob" value="apple.awt.CPrinterJob"/>
    <property name="env.TERM" value="xterm-color"/>
    <property name="sun.io.unicode.encoding" value="UnicodeLittle"/>
    <property name="awt.toolkit" value="apple.awt.CToolkit"/>
    <property name="env.MANPATH" value="/usr/share/man:/usr/local/share/man:/usr/X11/man:/usr/local/git/man"/>
    <property name="sun.awt.exception.handler" value="apple.awt.CToolkit$EventQueueExceptionHandler"/>
    <property name="user.home" value="/Users/theman"/>
    <property name="env.OLDPWD" value="/Users/theman/Documents/code/yui"/>
    <property name="java.specification.vendor" value="Sun Microsystems Inc."/>
    <property name="env.TERM_PROGRAM" value="Apple_Terminal"/>
    <property name="java.library.path" value=".:/Library/Java/Extensions:/System/Library/Java/Extensions:/usr/lib/java"/>
    <property name="java.vendor.url" value="http://www.apple.com/"/>
    <property name="java.vm.vendor" value="Apple Inc."/>
    <property name="gopherProxySet" value="false"/>
    <property name="maven.home" value="/usr/share/maven"/>
    <property name="java.runtime.name" value="Java(TM) SE Runtime Environment"/>
    <property name="java.class.path" value="/usr/share/maven/boot/classworlds-1.1.jar"/>
    <property name="java.vm.specification.name" value="Java Virtual Machine Specification"/>
    <property name="java.vm.specification.version" value="1.0"/>
    <property name="sun.cpu.endian" value="little"/>
    <property name="sun.os.patch.level" value="unknown"/>
    <property name="env.HOME" value="/Users/theman"/>
    <property name="surefire.test.class.path" value="/Users/theman/Documents/code/yui/target/test-classes:/Users/theman/Documents/code/yui/target/classes:/Users/theman/.m2/repository/yahoo/yinst/selng_plugin/selng_plugin/1.0.10_01/selng_plugin-1.0.10_01.jar:/Users/theman/.m2/repository/org/apache/maven/plugins/maven-clean-plugin/2.2/maven-clean-plugin-2.2.jar:/Users/theman/.m2/repository/org/apache/maven/maven-project/2.0/maven-project-2.0.jar:/Users/theman/.m2/repository/org/apache/maven/maven-profile/2.0/maven-profile-2.0.jar:/Users/theman/.m2/repository/org/apache/maven/maven-model/2.0/maven-model-2.0.jar:/Users/theman/.m2/repository/org/codehaus/plexus/plexus-utils/1.1/plexus-utils-1.1.jar:/Users/theman/.m2/repository/org/codehaus/plexus/plexus-container-default/1.0-alpha-8/plexus-container-default-1.0-alpha-8.jar:/Users/theman/.m2/repository/junit/junit/3.8.1/junit-3.8.1.jar:/Users/theman/.m2/repository/classworlds/classworlds/1.1-alpha-2/classworlds-1.1-alpha-2.jar:/Users/theman/.m2/repository/org/apache/maven/maven-artifact-manager/2.0/maven-artifact-manager-2.0.jar:/Users/theman/.m2/repository/org/apache/maven/maven-repository-metadata/2.0/maven-repository-metadata-2.0.jar:/Users/theman/.m2/repository/org/apache/maven/maven-artifact/2.0/maven-artifact-2.0.jar:/Users/theman/.m2/repository/org/apache/maven/wagon/wagon-provider-api/1.0-alpha-5/wagon-provider-api-1.0-alpha-5.jar:/Users/theman/.m2/repository/org/apache/maven/maven-plugin-api/2.0/maven-plugin-api-2.0.jar:/Users/theman/.m2/repository/org/apache/maven/shared/file-management/1.2/file-management-1.2.jar:/Users/theman/.m2/repository/org/apache/maven/shared/maven-shared-io/1.1/maven-shared-io-1.1.jar:/Users/theman/.m2/repository/commons-configuration/commons-configuration/1.5/commons-configuration-1.5.jar:/Users/theman/.m2/repository/commons-collections/commons-collections/3.2/commons-collections-3.2.jar:/Users/theman/.m2/repository/commons-lang/commons-lang/2.4/commons-lang-2.4.jar:/Users/theman/.m2/repository/commons-logging/commons-logging/1.1.1/commons-logging-1.1.1.jar:/Users/theman/.m2/repository/log4j/log4j/1.2.8/log4j-1.2.8.jar:/Users/theman/.m2/repository/logkit/logkit/1.0.1/logkit-1.0.1.jar:/Users/theman/.m2/repository/avalon-framework/avalon-framework/4.1.3/avalon-framework-4.1.3.jar:/Users/theman/.m2/repository/javax/servlet/servlet-api/2.3/servlet-api-2.3.jar:/Users/theman/.m2/repository/commons-digester/commons-digester/1.7/commons-digester-1.7.jar:/Users/theman/.m2/repository/commons-beanutils/commons-beanutils/1.7.0/commons-beanutils-1.7.0.jar:/Users/theman/.m2/repository/commons-beanutils/commons-beanutils-core/1.7.0/commons-beanutils-core-1.7.0.jar:/Users/theman/.m2/repository/org/apache/ant/ant/1.7.1/ant-1.7.1.jar:/Users/theman/.m2/repository/org/apache/ant/ant-launcher/1.7.1/ant-launcher-1.7.1.jar:/Users/theman/.m2/repository/org/testng/testng/5.8/testng-5.8-jdk15.jar:/Users/theman/.m2/repository/yahoo/yinst/selng/framework/1.0.7_03/framework-1.0.7_03.jar:/Users/theman/.m2/repository/org/openqa/selenium/server/selenium-server/1.0-SNAPSHOT/selenium-server-1.0-SNAPSHOT.jar:/Users/theman/.m2/repository/org/openqa/selenium/client-drivers/selenium-java-client-driver/1.0-SNAPSHOT/selenium-java-client-driver-1.0-SNAPSHOT.jar:/Users/theman/.m2/repository/yahoo/yinst/yjava_log4j/yjava_log4j/1.2.14/yjava_log4j-1.2.14.jar:/Users/theman/.m2/repository/xalan/xalan/2.7.1/xalan-2.7.1.jar:/Users/theman/.m2/repository/xalan/serializer/2.7.1/serializer-2.7.1.jar:/Users/theman/.m2/repository/xml-apis/xml-apis/1.0.b2/xml-apis-1.0.b2.jar:/Users/theman/.m2/repository/javax/mail/mail/1.4.1/mail-1.4.1.jar:/Users/theman/.m2/repository/javax/activation/activation/1.1/activation-1.1.jar:/Users/theman/.m2/repository/org/freemarker/freemarker/2.3.9/freemarker-2.3.9.jar:/Users/theman/.m2/repository/commons-io/commons-io/1.4/commons-io-1.4.jar:/Users/theman/.m2/repository/reportng/reportng/0.9.7/reportng-0.9.7.jar:/Users/theman/.m2/repository/velocity/velocity-dep/1.4/velocity-dep-1.4.jar:/Users/theman/.m2/repository/com/metaparadigm/json-rpc/1.0/json-rpc-1.0.jar:/Users/theman/.m2/repository/org/ini4j/ini4j/0.3.2/ini4j-0.3.2.jar:/Users/theman/.m2/repository/JAXP_142/JAXP_142/1.4.2/JAXP_142-1.4.2.jar:/Users/theman/.m2/repository/gems/gems/2009.01/gems-2009.01-bin.jar:/Users/theman/.m2/repository/hsqldb/hsqldb/1.8.0.7/hsqldb-1.8.0.7.jar:/Users/theman/.m2/repository/org/apache/httpcomponents/httpcore/4.0-beta3/httpcore-4.0-beta3.jar:/Users/theman/.m2/repository/commons-codec/commons-codec/1.3/commons-codec-1.3.jar:/Users/theman/.m2/repository/commons-httpclient/commons-httpclient/3.1/commons-httpclient-3.1.jar:/Users/theman/.m2/repository/commons-validator/commons-validator/1.3.0/commons-validator-1.3.0.jar:/Users/theman/.m2/repository/oro/oro/2.0.8/oro-2.0.8.jar:/Users/theman/.m2/repository/commons-cli/commons-cli/1.1/commons-cli-1.1.jar:/Users/theman/.m2/repository/yahoo/yinst/TestManagerWSApiJar/testmanager-wsapi/1.7.1_2/testmanager-wsapi-1.7.1_2.jar:/Users/theman/.m2/repository/yahoo/yinst/TestManagerWSClientJar/testmanager-client/1.7.1_2/testmanager-client-1.7.1_2.jar:/Users/theman/.m2/repository/javax/xml/bind/jaxb-api/2.1/jaxb-api-2.1.jar:/Users/theman/.m2/repository/javax/xml/stream/stax-api/1.0-2/stax-api-1.0-2.jar:/Users/theman/.m2/repository/com/sun/jersey/jersey-client/1.0.2/jersey-client-1.0.2.jar:/Users/theman/.m2/repository/com/sun/jersey/jersey-core/1.0.2/jersey-core-1.0.2.jar:/Users/theman/.m2/repository/javax/ws/rs/jsr311-api/1.0/jsr311-api-1.0.jar:/Users/theman/.m2/repository/com/sun/jersey/jersey-json/1.0.2/jersey-json-1.0.2.jar:/Users/theman/.m2/repository/org/codehaus/jettison/jettison/1.0.1/jettison-1.0.1.jar:/Users/theman/.m2/repository/stax/stax-api/1.0.1/stax-api-1.0.1.jar:/Users/theman/.m2/repository/com/sun/xml/bind/jaxb-impl/2.1.10/jaxb-impl-2.1.10.jar:/Users/theman/.m2/repository/org/codehaus/jackson/jackson-lgpl/0.9.4/jackson-lgpl-0.9.4.jar:"/>
    <property name="java.io.tmpdir" value="/var/folders/QP/QPMUqJmNED0+Z7wepc87YU++gIU/-Tmp-/"/>
    <property name="java.vendor.url.bug" value="http://bugreport.apple.com/"/>
    <property name="env.SSH_AUTH_SOCK" value="/tmp/launch-KSIZdP/Listeners"/>
    <property name="env.COMMAND_MODE" value="unix2003"/>
    <property name="java.awt.graphicsenv" value="apple.awt.CGraphicsEnvironment"/>
    <property name="os.arch" value="x86_64"/>
    <property name="java.ext.dirs" value="/Library/Java/Extensions:/System/Library/Java/Extensions:/System/Library/Frameworks/JavaVM.framework/Versions/1.6.0/Home/lib/ext"/>
    <property name="user.dir" value="/Users/theman/Documents/code/yui"/>
    <property name="mrj.version" value="1050.1.6.0_13-211"/>
    <property name="line.separator" value="
"/>
    <property name="apple.awt.graphics.UseQuartz" value="false"/>
    <property name="java.vm.name" value="Java HotSpot(TM) 64-Bit Server VM"/>
    <property name="env.JAVA_MAIN_CLASS_1742" value="org.codehaus.classworlds.Launcher"/>
    <property name="basedir" value="/Users/theman/Documents/code/yui"/>
    <property name="file.encoding" value="MacRoman"/>
    <property name="java.specification.version" value="1.6"/>
  </properties>
  <testcase time="77.154" classname="com.yahoo.test.SelNG.YUI.tests.TabViewTestExternalSource" name="TabViewExternalSource"/>
</testsuite>